<?xml version="1.0" encoding="UTF-8"?>
<!-- Generated by org.testng.reporters.JUnitReportReporter -->
<testsuite skipped="0" hostname="EC2AMAZ-JP7UKQJ" name="TC01_GET" tests="2" failures="0" timestamp="2020-03-15T14:37:22 UTC" time="2.221" errors="0">
  <testcase name="testGet_1" time="0.087" classname="TC01_GET"/>
  <system-out/>
  <testcase name="getUserList" time="2.134" classname="TC01_GET"/>
  <system-out/>
</testsuite> <!-- TC01_GET -->
