<?xml version="1.0" encoding="UTF-8"?>
<!-- Generated by org.testng.reporters.JUnitReportReporter -->
<testsuite hostname="MacBook-Air.broadband" failures="0" tests="1" name="demo.Tests_POST" time="3.833" errors="0" timestamp="2022-08-04T14:50:30 BST" skipped="0">
  <testcase classname="demo.Tests_POST" name="test_4_delete" time="3.833"/>
  <system-out/>
</testsuite> <!-- demo.Tests_POST -->
