<?xml version="1.0" encoding="UTF-8"?>
<!-- Generated by org.testng.reporters.JUnitReportReporter -->
<testsuite hostname="MacBook-Air.broadband" failures="0" tests="1" name="com.ra.datadriven.Tests_GET" time="4.846" errors="0" timestamp="2022-08-05T08:28:46 BST" skipped="0">
  <testcase classname="com.ra.datadriven.Tests_GET" name="test_3" time="4.846"/>
  <system-out/>
</testsuite> <!-- com.ra.datadriven.Tests_GET -->
