<?xml version="1.0" encoding="UTF-8"?>
<!-- Generated by org.testng.reporters.JUnitReportReporter -->
<testsuite skipped="0" hostname="EC2AMAZ-JP7UKQJ" name="demo.Examples" tests="1" failures="0" timestamp="2020-03-17T01:35:58 UTC" time="2.050" errors="0">
  <testcase name="test_get_2" time="2.050" classname="demo.Examples"/>
  <system-out/>
</testsuite> <!-- demo.Examples -->
