<?xml version="1.0" encoding="UTF-8"?>
<!-- Generated by org.testng.reporters.JUnitReportReporter -->
<testsuite hostname="MacBook-Air.broadband" failures="0" tests="1" name="com.ra.demo.APITestingALL" time="4.189" errors="0" timestamp="2022-08-05T09:16:38 BST" skipped="0">
  <testcase classname="com.ra.demo.APITestingALL" name="testDelete" time="4.189"/>
  <system-out/>
</testsuite> <!-- com.ra.demo.APITestingALL -->
