<?xml version="1.0" encoding="UTF-8"?>
<!-- Generated by org.testng.reporters.JUnitReportReporter -->
<testsuite skipped="0" hostname="EC2AMAZ-JP7UKQJ" name="demo.ExampleForDataDriven" tests="1" failures="0" timestamp="2020-03-18T01:06:46 UTC" time="1.808" errors="0">
  <testcase name="delete" time="1.808" classname="demo.ExampleForDataDriven"/>
  <system-out/>
</testsuite> <!-- demo.ExampleForDataDriven -->
