<?xml version="1.0" encoding="UTF-8"?>
<!-- Generated by org.testng.reporters.JUnitReportReporter -->
<testsuite skipped="0" hostname="EC2AMAZ-JP7UKQJ" name="demo.Tests_GET" tests="1" failures="0" timestamp="2020-03-16T23:24:53 UTC" time="2.930" errors="0">
  <testcase name="test_3" time="2.930" classname="demo.Tests_GET"/>
  <system-out/>
</testsuite> <!-- demo.Tests_GET -->
