<?xml version="1.0" encoding="UTF-8"?>
<!-- Generated by org.testng.reporters.JUnitReportReporter -->
<testsuite hostname="MacBook-Air.broadband" failures="0" tests="1" name="com.ra.demo.GetUserList4" time="4.424" errors="0" timestamp="2022-08-05T08:26:29 BST" skipped="0">
  <testcase classname="com.ra.demo.GetUserList4" name="test1" time="4.424"/>
  <system-out/>
</testsuite> <!-- com.ra.demo.GetUserList4 -->
