<?xml version="1.0" encoding="UTF-8"?>
<!-- Generated by org.testng.reporters.JUnitReportReporter -->
<testsuite hostname="MacBook-Air.broadband" failures="0" tests="1" name="demo.TC_01" time="4.347" errors="0" timestamp="2022-08-04T14:46:41 BST" skipped="0">
  <testcase classname="demo.TC_01" name="test_post" time="4.347"/>
  <system-out/>
</testsuite> <!-- demo.TC_01 -->
