<?xml version="1.0" encoding="UTF-8"?>
<!-- Generated by org.testng.reporters.JUnitReportReporter -->
<testsuite hostname="MacBook-Air.broadband" failures="0" tests="2" name="com.ra.demo.GetUserList" time="4.098" errors="0" timestamp="2022-08-05T08:06:53 BST" skipped="0">
  <testcase classname="com.ra.demo.GetUserList" name="getUserListLegacy" time="0.131"/>
  <system-out/>
  <testcase classname="com.ra.demo.GetUserList" name="getUserList" time="3.967"/>
  <system-out/>
</testsuite> <!-- com.ra.demo.GetUserList -->
